# JRE version: OpenJDK Runtime Environment (17.0.7) (build 17.0.7+0-17.0.7b1000.6-10550314)
# Java VM: OpenJDK 64-Bit Server VM (17.0.7+0-17.0.7b1000.6-10550314, mixed mode, tiered, compressed oops, compressed class ptrs, g1 gc, bsd-aarch64)
GC Precious Log:
 CPUs: 10 total, 10 available
 Memory: 32768M
 Large Page Support: Disabled
 NUMA Support: Disabled
 Compressed Oops: Enabled (Zero based)
 Heap Region Size: 4M
 Heap Min Capacity: 8M
 Heap Initial Capacity: 512M
 Heap Max Capacity: 8G
 Pre-touch: Disabled
 Parallel Workers: 9
 Concurrent Workers: 2
 Concurrent Refinement Workers: 9
 Periodic GC: Disabled
Heap:
 garbage-first heap   total 192512K, used 53683K [0x0000000600000000, 0x0000000800000000)
  region size 4096K, 3 young (12288K), 1 survivors (4096K)
 Metaspace       used 37087K, committed 37440K, reserved 1114112K
  class space    used 3653K, committed 3840K, reserved 1048576K
GC Heap History (20 events):
Event: 4.027 GC heap before
{Heap before GC invocations=9 (full 0):
 garbage-first heap   total 290816K, used 131489K [0x0000000600000000, 0x0000000800000000)
  region size 4096K, 2 young (8192K), 1 survivors (4096K)
 Metaspace       used 35352K, committed 35648K, reserved 1114112K
  class space    used 3456K, committed 3584K, reserved 1048576K
}
Event: 4.029 GC heap after
{Heap after GC invocations=10 (full 0):
 garbage-first heap   total 290816K, used 41432K [0x0000000600000000, 0x0000000800000000)
  region size 4096K, 1 young (4096K), 1 survivors (4096K)
 Metaspace       used 35352K, committed 35648K, reserved 1114112K
  class space    used 3456K, committed 3584K, reserved 1048576K
}
Event: 4.248 GC heap before
{Heap before GC invocations=10 (full 0):
 garbage-first heap   total 290816K, used 205272K [0x0000000600000000, 0x0000000800000000)
  region size 4096K, 20 young (81920K), 1 survivors (4096K)
 Metaspace       used 35366K, committed 35648K, reserved 1114112K
  class space    used 3456K, committed 3584K, reserved 1048576K
}
Event: 4.249 GC heap after
{Heap after GC invocations=11 (full 0):
 garbage-first heap   total 290816K, used 115042K [0x0000000600000000, 0x0000000800000000)
  region size 4096K, 1 young (4096K), 1 survivors (4096K)
 Metaspace       used 35366K, committed 35648K, reserved 1114112K
  class space    used 3456K, committed 3584K, reserved 1048576K
}
Event: 4.260 GC heap before
{Heap before GC invocations=11 (full 0):
 garbage-first heap   total 290816K, used 156002K [0x0000000600000000, 0x0000000800000000)
  region size 4096K, 10 young (40960K), 1 survivors (4096K)
 Metaspace       used 35372K, committed 35712K, reserved 1114112K
  class space    used 3456K, committed 3584K, reserved 1048576K
}
Event: 4.262 GC heap after
{Heap after GC invocations=12 (full 0):
 garbage-first heap   total 290816K, used 16736K [0x0000000600000000, 0x0000000800000000)
  region size 4096K, 1 young (4096K), 1 survivors (4096K)
 Metaspace       used 35372K, committed 35712K, reserved 1114112K
  class space    used 3456K, committed 3584K, reserved 1048576K
}
Event: 4.532 GC heap before
{Heap before GC invocations=12 (full 0):
 garbage-first heap   total 290816K, used 205152K [0x0000000600000000, 0x0000000800000000)
  region size 4096K, 20 young (81920K), 1 survivors (4096K)
 Metaspace       used 35388K, committed 35712K, reserved 1114112K
  class space    used 3456K, committed 3584K, reserved 1048576K
}
Event: 4.533 GC heap after
{Heap after GC invocations=13 (full 0):
 garbage-first heap   total 290816K, used 115013K [0x0000000600000000, 0x0000000800000000)
  region size 4096K, 1 young (4096K), 1 survivors (4096K)
 Metaspace       used 35388K, committed 35712K, reserved 1114112K
  class space    used 3456K, committed 3584K, reserved 1048576K
}
Event: 4.544 GC heap before
{Heap before GC invocations=13 (full 0):
 garbage-first heap   total 290816K, used 155973K [0x0000000600000000, 0x0000000800000000)
  region size 4096K, 10 young (40960K), 1 survivors (4096K)
 Metaspace       used 35389K, committed 35712K, reserved 1114112K
  class space    used 3456K, committed 3584K, reserved 1048576K
}
Event: 4.545 GC heap after
{Heap after GC invocations=14 (full 0):
 garbage-first heap   total 290816K, used 16726K [0x0000000600000000, 0x0000000800000000)
  region size 4096K, 1 young (4096K), 1 survivors (4096K)
 Metaspace       used 35389K, committed 35712K, reserved 1114112K
  class space    used 3456K, committed 3584K, reserved 1048576K
}
Event: 4.814 GC heap before
{Heap before GC invocations=14 (full 0):
 garbage-first heap   total 290816K, used 205142K [0x0000000600000000, 0x0000000800000000)
  region size 4096K, 20 young (81920K), 1 survivors (4096K)
 Metaspace       used 35407K, committed 35712K, reserved 1114112K
  class space    used 3456K, committed 3584K, reserved 1048576K
}
Event: 4.816 GC heap after
{Heap after GC invocations=15 (full 0):
 garbage-first heap   total 290816K, used 115065K [0x0000000600000000, 0x0000000800000000)
  region size 4096K, 1 young (4096K), 1 survivors (4096K)
 Metaspace       used 35407K, committed 35712K, reserved 1114112K
  class space    used 3456K, committed 3584K, reserved 1048576K
}
Event: 4.827 GC heap before
{Heap before GC invocations=15 (full 0):
 garbage-first heap   total 290816K, used 156025K [0x0000000600000000, 0x0000000800000000)
  region size 4096K, 10 young (40960K), 1 survivors (4096K)
 Metaspace       used 35407K, committed 35712K, reserved 1114112K
  class space    used 3456K, committed 3584K, reserved 1048576K
}
Event: 4.828 GC heap after
{Heap after GC invocations=16 (full 0):
 garbage-first heap   total 290816K, used 16768K [0x0000000600000000, 0x0000000800000000)
  region size 4096K, 1 young (4096K), 1 survivors (4096K)
 Metaspace       used 35407K, committed 35712K, reserved 1114112K
  class space    used 3456K, committed 3584K, reserved 1048576K
}
Event: 5.087 GC heap before
{Heap before GC invocations=16 (full 0):
 garbage-first heap   total 290816K, used 205184K [0x0000000600000000, 0x0000000800000000)
  region size 4096K, 20 young (81920K), 1 survivors (4096K)
 Metaspace       used 35427K, committed 35712K, reserved 1114112K
  class space    used 3456K, committed 3584K, reserved 1048576K
}
Event: 5.089 GC heap after
{Heap after GC invocations=17 (full 0):
 garbage-first heap   total 565248K, used 115093K [0x0000000600000000, 0x0000000800000000)
  region size 4096K, 1 young (4096K), 1 survivors (4096K)
 Metaspace       used 35427K, committed 35712K, reserved 1114112K
  class space    used 3456K, committed 3584K, reserved 1048576K
}
Event: 5.389 GC heap before
{Heap before GC invocations=17 (full 0):
 garbage-first heap   total 565248K, used 389525K [0x0000000600000000, 0x0000000800000000)
  region size 4096K, 37 young (151552K), 1 survivors (4096K)
 Metaspace       used 35561K, committed 35904K, reserved 1114112K
  class space    used 3478K, committed 3648K, reserved 1048576K
}
Event: 5.390 GC heap after
{Heap after GC invocations=18 (full 0):
 garbage-first heap   total 565248K, used 115131K [0x0000000600000000, 0x0000000800000000)
  region size 4096K, 1 young (4096K), 1 survivors (4096K)
 Metaspace       used 35561K, committed 35904K, reserved 1114112K
  class space    used 3478K, committed 3648K, reserved 1048576K
}
Event: 5.482 GC heap before
{Heap before GC invocations=18 (full 0):
 garbage-first heap   total 565248K, used 151995K [0x0000000600000000, 0x0000000800000000)
  region size 4096K, 3 young (12288K), 1 survivors (4096K)
 Metaspace       used 35825K, committed 36096K, reserved 1114112K
  class space    used 3494K, committed 3648K, reserved 1048576K
}
Event: 5.483 GC heap after
{Heap after GC invocations=19 (full 0):
 garbage-first heap   total 565248K, used 49587K [0x0000000600000000, 0x0000000800000000)
  region size 4096K, 1 young (4096K), 1 survivors (4096K)
 Metaspace       used 35825K, committed 36096K, reserved 1114112K
  class space    used 3494K, committed 3648K, reserved 1048576K
}

